<?xml version="1.0" encoding="UTF-8"?>
<!-- Generated by org.testng.reporters.JUnitReportReporter -->
<testsuite hostname="INFOSEUM33" failures="0" tests="3" name="TestNG.P1_BasicTest" time="0.026" errors="0" timestamp="2023-09-12T17:10:29 GMT-04:00" skipped="0">
  <testcase classname="TestNG.P1_BasicTest" name="bTest" time="0.004"/>
  <testcase classname="TestNG.P1_BasicTest" name="test" time="0.005"/>
  <testcase classname="TestNG.P1_BasicTest" name="aTest" time="0.017"/>
</testsuite> <!-- TestNG.P1_BasicTest -->
