<?xml version="1.0" encoding="UTF-8"?>
<!-- Generated by org.testng.reporters.JUnitReportReporter -->
<testsuite hostname="INFOSEUM33" failures="0" tests="5" name="TestNG.P6_TestNgXMLConfig" time="14.400" errors="0" timestamp="2023-09-13T17:15:39 GMT-04:00" skipped="0">
  <testcase classname="TestNG.P6_TestNgXMLConfig" name="launchBrowser" time="11.136"/>
  <testcase classname="TestNG.P6_TestNgXMLConfig" name="urlValidation" time="0.011"/>
  <testcase classname="TestNG.P6_TestNgXMLConfig" name="titleValidation" time="0.008"/>
  <testcase classname="TestNG.P6_TestNgXMLConfig" name="loginValidation" time="2.553"/>
  <testcase classname="TestNG.P6_TestNgXMLConfig" name="tearDown" time="0.692"/>
</testsuite> <!-- TestNG.P6_TestNgXMLConfig -->
