<?xml version="1.0" encoding="UTF-8"?>
<!-- Generated by org.testng.reporters.JUnitReportReporter -->
<testsuite hostname="INFOSEUM33" failures="0" tests="1" name="TestNG.P11_TestNGAnnotations" time="0.557" errors="0" timestamp="2023-09-14T16:28:29 GMT-04:00" skipped="0">
  <testcase classname="TestNG.P11_TestNGAnnotations" name="testCase" time="0.557"/>
</testsuite> <!-- TestNG.P11_TestNGAnnotations -->
