<?xml version="1.0" encoding="UTF-8"?>
<!-- Generated by org.testng.reporters.JUnitReportReporter -->
<testsuite hostname="INFOSEUM33" failures="0" tests="9" name="TestNG.P2_HelpingAttributes" time="0.029" errors="0" timestamp="2023-09-12T17:27:08 GMT-04:00" skipped="2">
  <testcase classname="TestNG.P2_HelpingAttributes" name="test" time="0.004"/>
  <testcase classname="TestNG.P2_HelpingAttributes" name="test" time="0.002"/>
  <testcase classname="TestNG.P2_HelpingAttributes" name="test" time="0.003"/>
  <testcase classname="TestNG.P2_HelpingAttributes" name="test" time="0.002"/>
  <testcase classname="TestNG.P2_HelpingAttributes" name="test" time="0.013"/>
  <testcase classname="TestNG.P2_HelpingAttributes" name="bTest" time="0.003"/>
  <testcase classname="TestNG.P2_HelpingAttributes" name="dTest" time="0.002"/>
  <testcase classname="TestNG.P2_HelpingAttributes" name="cTest">
    <skipped/>
  </testcase> <!-- cTest -->
  <testcase classname="TestNG.P2_HelpingAttributes" name="aTest">
    <skipped/>
  </testcase> <!-- aTest -->
</testsuite> <!-- TestNG.P2_HelpingAttributes -->
