<?xml version="1.0" encoding="UTF-8"?>
<!-- Generated by org.testng.reporters.JUnitReportReporter -->
<testsuite hostname="INFOSEUM33" failures="0" tests="3" name="TestNG.P7_IncludeAndExculdeMechanism" time="12.860" errors="0" timestamp="2023-09-13T17:24:25 GMT-04:00" skipped="0">
  <testcase classname="TestNG.P7_IncludeAndExculdeMechanism" name="launchBrowser" time="9.171"/>
  <testcase classname="TestNG.P7_IncludeAndExculdeMechanism" name="loginValidation" time="2.786"/>
  <testcase classname="TestNG.P7_IncludeAndExculdeMechanism" name="tearDown" time="0.903"/>
</testsuite> <!-- TestNG.P7_IncludeAndExculdeMechanism -->
