<?xml version="1.0" encoding="UTF-8"?>
<!-- Generated by org.testng.reporters.JUnitReportReporter -->
<testsuite hostname="INFOSEUM33" failures="0" tests="5" name="TestNG.P9_Parameterization" time="58.863" errors="0" timestamp="2023-09-13T17:50:26 GMT-04:00" skipped="0">
  <testcase classname="TestNG.P9_Parameterization" name="launchBrowser" time="35.167"/>
  <testcase classname="TestNG.P9_Parameterization" name="urlValidation" time="0.485"/>
  <testcase classname="TestNG.P9_Parameterization" name="titleValidation" time="0.094"/>
  <testcase classname="TestNG.P9_Parameterization" name="loginValidation" time="12.030"/>
  <testcase classname="TestNG.P9_Parameterization" name="tearDown" time="11.087"/>
</testsuite> <!-- TestNG.P9_Parameterization -->
